[generate-1d-mesh] INFO - Parse arguments ...
[generate-1d-mesh] INFO - Model order: 0
[generate-1d-mesh] INFO - Centerlines input file: synthetic_tree/centerlines/centerline.vtp
[generate-1d-mesh] INFO - Compute centerlines: False
[generate-1d-mesh] INFO - Density: 1.060000
[generate-1d-mesh] INFO - Element size: 0.100000
[generate-1d-mesh] INFO - Inflow input file: synthetic_tree/baseline_input_filesinflow.flow
[generate-1d-mesh] INFO - Material model: OLUFSEN
[generate-1d-mesh] INFO - Minimum number of finite elements per segment: 5
[generate-1d-mesh] INFO - Model name: synthetic_tree
[generate-1d-mesh] INFO - Model order: 0
[generate-1d-mesh] INFO - Number of time steps: 5
[generate-1d-mesh] INFO - Olufsen material parameter k1: 20000000.000000
[generate-1d-mesh] INFO - Olufsen material parameter k2: -22.526700
[generate-1d-mesh] INFO - Olufsen material parameter k3: 865000.000000
[generate-1d-mesh] INFO - Olufsen material parameter exponent: 1.100000
[generate-1d-mesh] INFO - Olufsen material parameter pressure: 1133240.000000
[generate-1d-mesh] INFO - Outflow bc file: synthetic_tree/baseline_input_files
[generate-1d-mesh] INFO - Outflow bc type: ['resistance.dat']
[generate-1d-mesh] INFO - Outlet face names file: 'synthetic_tree/baseline_input_files/outlet_face_names.dat'.
[generate-1d-mesh] INFO - Minimum number of sub-segments per master-segment: 1
[generate-1d-mesh] INFO - Sub-segment size in vessel master-segment: 9999
[generate-1d-mesh] INFO - Sub-segment size is adaptive: 0
[generate-1d-mesh] INFO - Save data frequency: 20
[generate-1d-mesh] INFO - Solver output file: solver_0d.json
[generate-1d-mesh] INFO - Simulation time step: 0.200000
[generate-1d-mesh] INFO - Uniform boundary conditions: False
[generate-1d-mesh] INFO - Units: cm
[generate-1d-mesh] INFO - Viscosity: 0.040000
[generate-1d-mesh] INFO - Wall properties are uniform.
[generate-1d-mesh] INFO - Read centerlines from the file: synthetic_tree/centerlines/centerline.vtp
[generate-1d-mesh] INFO -    Number of points: 2256 
[generate-1d-mesh] INFO -    Number of cells: 2255 
[generate-1d-mesh] INFO -    Number of arrays: 0
[generate-1d-mesh] INFO - Generate the 1D mesh ...
[generate-1d-mesh] INFO - Read model outlet face names from: synthetic_tree/baseline_input_files/outlet_face_names.dat
[generate-1d-mesh] INFO - Number of model outlet faces names: 3
[generate-1d-mesh] INFO - Outlet face names: ['cap_4', 'cap_41', 'cap_42']
[generate-1d-mesh] INFO - Number of centerline branches: 5
[generate-1d-mesh] INFO - Number of centerline bifurcations: 2
[generate-1d-mesh] INFO - Number of svOneDSolver branches: 11
[generate-1d-mesh] INFO - Number of svOneDSolver joints: 8
[generate-1d-mesh] INFO - Set variable outflow boundary conditions ...
[generate-1d-mesh] INFO - Surface cap_41 boundary condition type resistance
[generate-1d-mesh] INFO - Surface cap_42 boundary condition type resistance
[generate-1d-mesh] INFO - Surface cap_4 boundary condition type resistance
[generate-1d-mesh] INFO - Read inflow BC ...
[generate-1d-mesh] INFO - Generated 11 segments, 36 nodes and 11 elements.
